2016-06-29 23:12:44[Thread-2:0]-[WARN] lock key: redistest
2016-06-29 23:12:44[Thread-0:0]-[WARN] lock key: redistest
2016-06-29 23:12:44[Thread-1:0]-[WARN] lock key: redistest
2016-06-29 23:12:44[Thread-2:1]-[WARN] set lock success, key: redistest on  ThreadId:10
2016-06-29 23:12:44[Thread-1:1]-[WARN] set lock fail : redistest locked by another business on  ThreadId: 9
2016-06-29 23:12:44[Thread-0:1]-[WARN] set lock fail : redistest locked by another business on  ThreadId: 8
2016-06-29 23:12:44[Thread-2:2]-[WARN] delete lock  : redistest on  ThreadId: 10
2016-06-29 23:12:44[Thread-1:105]-[WARN] lock key: redistest
2016-06-29 23:12:44[Thread-0:105]-[WARN] lock key: redistest
2016-06-29 23:12:44[Thread-0:106]-[WARN] set lock fail : redistest locked by another business on  ThreadId: 8
2016-06-29 23:12:44[Thread-1:106]-[WARN] set lock success, key: redistest on  ThreadId:9
2016-06-29 23:12:44[Thread-1:106]-[WARN] delete lock  : redistest on  ThreadId: 9
2016-06-29 23:12:44[Thread-0:211]-[WARN] lock key: redistest
2016-06-29 23:12:44[Thread-0:212]-[WARN] set lock success, key: redistest on  ThreadId:8
2016-06-29 23:12:44[Thread-0:213]-[WARN] delete lock  : redistest on  ThreadId: 8
2016-06-29 23:13:43[Thread-1:0]-[WARN] lock key: redistest
2016-06-29 23:13:43[Thread-2:0]-[WARN] lock key: redistest
2016-06-29 23:13:43[Thread-0:0]-[WARN] lock key: redistest
2016-06-29 23:13:43[Thread-2:0]-[WARN] set lock fail : redistest locked by another business on  ThreadId: 10
2016-06-29 23:13:43[Thread-1:0]-[WARN] set lock success, key: redistest on  ThreadId:9
2016-06-29 23:13:43[Thread-0:0]-[WARN] set lock fail : redistest locked by another business on  ThreadId: 8
2016-06-29 23:13:43[Thread-1:2]-[WARN] unlock  : redistest on  ThreadId: 9
2016-06-29 23:13:43[Thread-2:105]-[WARN] lock key: redistest
2016-06-29 23:13:43[Thread-0:105]-[WARN] lock key: redistest
2016-06-29 23:13:43[Thread-2:106]-[WARN] set lock success, key: redistest on  ThreadId:10
2016-06-29 23:13:43[Thread-0:106]-[WARN] set lock fail : redistest locked by another business on  ThreadId: 8
2016-06-29 23:13:43[Thread-2:106]-[WARN] unlock  : redistest on  ThreadId: 10
2016-06-29 23:13:43[Thread-0:207]-[WARN] lock key: redistest
2016-06-29 23:13:43[Thread-0:208]-[WARN] set lock success, key: redistest on  ThreadId:8
2016-06-29 23:13:43[Thread-0:209]-[WARN] unlock  : redistest on  ThreadId: 8
